SF:lib\domain\auth\value_objects.dart
DA:10,1
DA:11,1
DA:12,1
DA:16,1
DA:23,1
DA:24,1
DA:25,1
DA:29,1
LF:8
LH:8
end_of_record
SF:lib\infrastructure\auth\auth_repository.dart
DA:14,1
DA:16,1
DA:20,1
DA:21,1
DA:22,2
DA:24,1
DA:26,3
DA:30,0
DA:34,0
DA:35,0
DA:36,0
DA:37,0
DA:38,0
DA:40,0
DA:44,0
DA:47,0
LF:16
LH:7
end_of_record
SF:lib\infrastructure\auth\datasource\auth_remote_data_source.dart
DA:18,0
DA:20,0
DA:23,0
DA:25,0
DA:28,0
DA:31,0
DA:33,0
DA:36,0
DA:39,0
LF:9
LH:0
end_of_record
SF:lib\infrastructure\auth\model\user\user_dto.dart
DA:17,0
DA:18,0
DA:20,0
DA:21,0
DA:26,1
DA:27,0
DA:28,1
DA:29,0
LF:8
LH:2
end_of_record
SF:lib\infrastructure\auth\model\user\user_dto.g.dart
DA:9,0
DA:10,0
DA:11,0
DA:14,0
DA:15,0
DA:16,0
DA:17,0
LF:7
LH:0
end_of_record
SF:lib\infrastructure\core\firebase_backend_api.dart
DA:20,0
DA:25,0
DA:27,0
DA:28,0
DA:31,0
DA:33,0
DA:34,0
DA:38,0
DA:41,0
LF:9
LH:0
end_of_record
SF:lib\application\auth\auth_notifier.dart
DA:6,0
DA:8,0
DA:9,0
DA:12,0
DA:13,0
LF:5
LH:0
end_of_record
SF:lib\application\auth\auth_notifier_provider.dart
DA:5,0
DA:6,0
LF:2
LH:0
end_of_record
SF:lib\domain\core\value_objects.dart
DA:11,1
DA:16,0
DA:18,0
DA:19,0
DA:22,1
DA:23,2
DA:26,0
DA:27,0
DA:30,0
DA:32,0
DA:35,0
DA:38,0
DA:41,0
DA:42,0
DA:44,0
DA:45,0
DA:52,0
DA:55,0
DA:56,0
DA:57,0
DA:66,0
DA:69,0
DA:70,0
DA:71,0
DA:80,0
DA:81,0
DA:82,0
DA:86,0
DA:93,0
DA:94,0
DA:95,0
DA:99,0
DA:106,0
DA:107,0
DA:108,0
DA:112,0
LF:36
LH:3
end_of_record
SF:lib\domain\core\value_validators.dart
DA:4,1
DA:8,2
DA:9,1
DA:11,0
DA:15,1
DA:17,2
DA:18,1
DA:20,0
DA:24,0
DA:25,0
DA:26,0
DA:28,0
DA:32,0
DA:33,0
DA:36,0
DA:37,0
LF:16
LH:6
end_of_record
SF:lib\domain\core\errors.dart
DA:7,0
DA:9,0
DA:13,0
LF:3
LH:0
end_of_record
